<?xml version="1.0" encoding="UTF-8"?>
<!-- Generated by org.testng.reporters.JUnitReportReporter -->
<testsuite skipped="0" hostname="WL356899" name="com.tieto.test.DemoTest" tests="1" failures="0" timestamp="2020-07-03T15:23:08 IST" time="0.006" errors="0">
  <testcase name="readProperties" time="0.006" classname="com.tieto.test.DemoTest"/>
  <system-out/>
</testsuite> <!-- com.tieto.test.DemoTest -->
