<?xml version="1.0" encoding="UTF-8"?>
<!-- Generated by org.testng.reporters.JUnitReportReporter -->
<testsuite skipped="0" hostname="WL356899" name="com.tieto.test.LoginTest" tests="6" failures="0" timestamp="2020-07-03T16:45:10 IST" time="75.709" errors="0">
  <testcase name="validCredentialTest" time="13.972" classname="com.tieto.test.LoginTest"/>
  <system-out/>
  <testcase name="validCredentialTest" time="15.057" classname="com.tieto.test.LoginTest"/>
  <system-out/>
  <testcase name="validCredentialTest" time="14.015" classname="com.tieto.test.LoginTest"/>
  <system-out/>
  <testcase name="inValidCredentialTest" time="10.645" classname="com.tieto.test.LoginTest"/>
  <system-out/>
  <testcase name="inValidCredentialTest" time="10.899" classname="com.tieto.test.LoginTest"/>
  <system-out/>
  <testcase name="inValidCredentialTest" time="11.121" classname="com.tieto.test.LoginTest"/>
  <system-out/>
</testsuite> <!-- com.tieto.test.LoginTest -->
